<?xml version="1.0" encoding="UTF-8"?>
<!-- Generated by org.testng.reporters.JUnitReportReporter -->
<testsuite hostname="macbook-pro" failures="0" tests="1" name="com.qa.tests.LoginTest" time="0.162" errors="0" timestamp="2020-11-14T12:41:21 EST" skipped="0">
  <testcase classname="com.qa.tests.LoginTest" name="test1" time="0.162"/>
  <system-out/>
</testsuite> <!-- com.qa.tests.LoginTest -->
